stcc experiment
green value 33
peripheral number of bars 11
peripheral bar width 10
central number of bars 23
central bar width 5
bar height 100
blocksize 55
orientation V
colordesc rg
contrast 10
nwaves 7
center_nwaves 22
Press button when you see a picture.
e_code  loc  color_desc  Dur    ISI
101  3 rg 200 500
22  3 rg 200 1000
23  3 rg 200 500
22  3 rg 200 500
22  3 rg 200 500
22  3 rg 200 500
22  3 rg 200 1000
23  3 rg 200 200
21  3 rg 200 200
21  3 rg 200 200
100  3 t 500 500
22  3 rg 200 200
21  3 rg 200 200
21  3 rg 200 1000
23  3 rg 200 1000
23  3 rg 200 1000
23  3 rg 200 500
22  3 rg 200 500
100  3 t 500 1000
23  3 rg 200 1000
23  3 rg 200 200
21  3 rg 200 1000
23  3 rg 200 200
21  3 rg 200 500
22  3 rg 200 500
22  3 rg 200 1000
23  3 rg 200 1000
23  3 rg 200 1000
100  3 t 500 200
21  3 rg 200 200
21  3 rg 200 1000
23  3 rg 200 200
21  3 rg 200 1000
23  3 rg 200 200
21  3 rg 200 200
21  3 rg 200 500
22  3 rg 200 1000
23  3 rg 200 200
100  3 t 500 500
22  3 rg 200 200
21  3 rg 200 200
21  3 rg 200 200
21  3 rg 200 1000
23  3 rg 200 1000
23  3 rg 200 500
22  3 rg 200 500
22  3 rg 200 200
21  3 rg 200 200
21  3 rg 200 200
21  3 rg 200 500
100  3 t 500 200
21  3 rg 200 200
21  3 rg 200 1000
23  3 rg 200 200
21  3 rg 200 200
21  3 rg 200 1000
23  3 rg 200 200
21  3 rg 200 200
21  3 rg 200 1000
23  3 rg 200 200
21  3 rg 200 1000
23  3 rg 200 1000
100  3 t 500 200
21  3 rg 200 500
22  3 rg 200 200
21  3 rg 200 200
21  3 rg 200 1000
23  3 rg 200 200
21  3 rg 200 1000
23  3 rg 200 200
21  3 rg 200 200
21  3 rg 200 200
21  3 rg 200 1000
23  3 rg 200 500
22  3 rg 200 500
22  3 rg 200 200
21  3 rg 200 500
22  3 rg 200 1000
23  3 rg 200 200
21  3 rg 200 1000
100  3 t 500 1000
23  3 rg 200 1000
23  3 rg 200 1000
23  3 rg 200 500
22  3 rg 200 500
22  3 rg 200 1000
23  3 rg 200 500
22  3 rg 200 200
100  3 t 500 1000
23  3 rg 200 500
22  3 rg 200 500
22  3 rg 200 200
21  3 rg 200 500
22  3 rg 200 200
21  3 rg 200 500
22  3 rg 200 500
22  3 rg 200 500
22  3 rg 200 1000
23  3 rg 200 200
21  3 rg 200 500
22  3 rg 200 500
22  3 rg 200 1000
100  3 t 500 200
21  3 rg 200 200
21  3 rg 200 500
22  3 rg 200 200
21  3 rg 200 1000
23  3 rg 200 200
21  3 rg 200 500
22  3 rg 200 200
21  3 rg 200 1000
23  3 rg 200 1000
23  3 rg 200 500
22  3 rg 200 1000
23  3 rg 200 500
22  3 rg 200 1000
23  3 rg 200 200
21  3 rg 200 1000
23  3 rg 200 200
21  3 rg 200 500
100  3 t 500 500
22  3 rg 200 200
21  3 rg 200 500
22  3 rg 200 1000
23  3 rg 200 200
21  3 rg 200 500
22  3 rg 200 500
22  3 rg 200 200
21  3 rg 200 500
22  3 rg 200 200
21  3 rg 200 500
22  3 rg 200 1000
23  3 rg 200 200
21  3 rg 200 1000
23  3 rg 200 1000
100  3 t 500 500
22  3 rg 200 1000
23  3 rg 200 200
21  3 rg 200 1000
23  3 rg 200 1000
23  3 rg 200 500
22  3 rg 200 1000
23  3 rg 200 1000
23  3 rg 200 1000
23  3 rg 200 1000
23  3 rg 200 500
22  3 rg 200 500
22  3 rg 200 500
22  3 rg 200 200
21  3 rg 200 500
22  3 rg 200 200
21  3 rg 200 500
22  3 rg 200 1000
100  3 t 500 500
22  3 rg 200 200
21  3 rg 200 1000
23  3 rg 200 1000
23  3 rg 200 200
21  3 rg 200 500
22  3 rg 200 500
22  3 rg 200 500
22  3 rg 200 200
21  3 rg 200 500
22  3 rg 200 1000
23  3 rg 200 1000
23  3 rg 200 200
21  3 rg 200 200
21  3 rg 200 1000
100  3 t 500 1000
23  3 rg 200 200
21  3 rg 200 200
21  3 rg 200 500
22  3 rg 200 500
22  3 rg 200 500
22  3 rg 200 1000
23  3 rg 200 200
21  3 rg 200 500
22  3 rg 200 500
100  3 t 500 200
21  3 rg 200 1000
23  3 rg 200 1000
23  3 rg 200 1000
23  3 rg 200 200
21  3 rg 200 200
21  3 rg 200 1000
23  3 rg 200 1000
23  3 rg 200 1000
23  3 rg 200 500
22  3 rg 200 200
21  3 rg 200 1000
23  3 rg 200 500
22  3 rg 200 1000
23  3 rg 200 1000
23  3 rg 200 1000
23  3 rg 200 500
22  3 rg 200 500
100  3 t 500 200
21  3 rg 200 200
21  3 rg 200 200
21  3 rg 200 1000
23  3 rg 200 1000
23  3 rg 200 200
21  3 rg 200 1000
23  3 rg 200 200
100  3 t 500 200
21  3 rg 200 200
21  3 rg 200 200
21  3 rg 200 1000
23  3 rg 200 1000
23  3 rg 200 500
22  3 rg 200 200
21  3 rg 200 200
21  3 rg 200 500
22  3 rg 200 200
21  3 rg 200 200
21  3 rg 200 500
22  3 rg 200 1000
23  3 rg 200 200
21  3 rg 200 200
21  3 rg 200 1000
23  3 rg 200 1000
23  3 rg 200 1000
100  3 t 500 1000
23  3 rg 200 500
22  3 rg 200 500
22  3 rg 200 200
21  3 rg 200 1000
23  3 rg 200 200
21  3 rg 200 200
21  3 rg 200 1000
23  3 rg 200 500
22  3 rg 200 1000
23  3 rg 200 1000
23  3 rg 200 500
22  3 rg 200 1000
23  3 rg 200 200
21  3 rg 200 200
21  3 rg 200 200
21  3 rg 200 200
21  3 rg 200 500
100  3 t 500 200
21  3 rg 200 200
21  3 rg 200 200
21  3 rg 200 500
22  3 rg 200 500
22  3 rg 200 500
22  3 rg 200 1000
23  3 rg 200 1000
23  3 rg 200 200
21  3 rg 200 200
21  3 rg 200 200
21  3 rg 200 1000
23  3 rg 200 500
22  3 rg 200 500
22  3 rg 200 1000
23  3 rg 200 200
21  3 rg 200 500
22  3 rg 200 500
100  3 t 500 1000
23  3 rg 200 1000
23  3 rg 200 500
22  3 rg 200 500
22  3 rg 200 500
22  3 rg 200 1000
23  3 rg 200 500
22  3 rg 200 500
22  3 rg 200 1000
100  3 t 500 200
21  3 rg 200 200
21  3 rg 200 500
22  3 rg 200 1000
23  3 rg 200 1000
23  3 rg 200 500
22  3 rg 200 1000
23  3 rg 200 200
21  3 rg 200 500
100  3 t 500 200
21  3 rg 200 500
22  3 rg 200 1000
23  3 rg 200 500
22  3 rg 200 200
21  3 rg 200 500
22  3 rg 200 200
21  3 rg 200 500
22  3 rg 200 1000
23  3 rg 200 1000
23  3 rg 200 1000
23  3 rg 200 1000
23  3 rg 200 1000
23  3 rg 200 500
22  3 rg 200 500
22  3 rg 200 500
22  3 rg 200 500
22  3 rg 200 200
100  3 t 500 200
21  3 rg 200 500
22  3 rg 200 500
22  3 rg 200 1000
23  3 rg 200 1000
23  3 rg 200 200
21  3 rg 200 200
21  3 rg 200 500
22  3 rg 200 500
22  3 rg 200 500
22  3 rg 200 500
22  3 rg 200 500
22  3 rg 200 200
21  3 rg 200 200
21  3 rg 200 500
22  3 rg 200 200
21  3 rg 200 1000
23  3 rg 200 500
100  3 t 500 200
21  3 rg 200 500
22  3 rg 200 200
21  3 rg 200 500
22  3 rg 200 1000
23  3 rg 200 200
21  3 rg 200 200
21  3 rg 200 1000
23  3 rg 200 1000
23  3 rg 200 200
21  3 rg 200 1000
23  3 rg 200 1000
23  3 rg 200 200
21  3 rg 200 500
22  3 rg 200 500
22  3 rg 200 200
21  3 rg 200 500
100  3 t 500 500
22  3 rg 200 500
22  3 rg 200 200
21  3 rg 200 200
21  3 rg 200 500
22  3 rg 200 1000
23  3 rg 200 1000
23  3 rg 200 200
21  3 rg 200 1000
23  3 rg 200 200
100  3 t 500 200
21  3 rg 200 200
21  3 rg 200 200
21  3 rg 200 200
21  3 rg 200 1000
23  3 rg 200 200
21  3 rg 200 200
21  3 rg 200 500
100  3 t 500 500
22  3 rg 200 1000
23  3 rg 200 1000
23  3 rg 200 500
22  3 rg 200 500
22  3 rg 200 500
22  3 rg 200 200
21  3 rg 200 1000
23  3 rg 200 200
21  3 rg 200 1000
23  3 rg 200 1000
23  3 rg 200 500
100  3 t 500 200
21  3 rg 200 500
22  3 rg 200 1000
23  3 rg 200 1000
23  3 rg 200 1000
23  3 rg 200 1000
23  3 rg 200 200
21  3 rg 200 1000
23  3 rg 200 1000
23  3 rg 200 500
22  3 rg 200 500
22  3 rg 200 200
21  3 rg 200 500
22  3 rg 200 200
21  3 rg 200 500
22  3 rg 200 1000
23  3 rg 200 1000
23  3 rg 200 1000
100  3 t 500 500
22  3 rg 200 200
21  3 rg 200 500
22  3 rg 200 1000
23  3 rg 200 500
22  3 rg 200 500
22  3 rg 200 500
22  3 rg 200 1000
23  3 rg 200 500
22  3 rg 200 500
22  3 rg 200 500
22  3 rg 200 500
22  3 rg 200 200
21  3 rg 200 500
22  3 rg 200 200
21  3 rg 200 200
21  3 rg 200 1000
23  3 rg 200 500
100  3 t 500 1000
23  3 rg 200 500
22  3 rg 200 1000
23  3 rg 200 500
22  3 rg 200 1000
23  3 rg 200 1000
23  3 rg 200 1000
